This file contains any messages produced by compilers while
running configure, to aid debugging if configure makes a mistake.

It was created by fileMonitor configure 1.0, which was
generated by GNU Autoconf 2.65.  Invocation command line was

  $ ./configure 

## --------- ##
## Platform. ##
## --------- ##

hostname = grgj-laptop
uname -m = i686
uname -r = 2.6.32-25-generic
uname -s = Linux
uname -v = #45-Ubuntu SMP Sat Oct 16 19:48:22 UTC 2010

/usr/bin/uname -p = unknown
/bin/uname -X     = unknown

/bin/arch              = unknown
/usr/bin/arch -k       = unknown
/usr/convex/getsysinfo = unknown
/usr/bin/hostinfo      = unknown
/bin/machine           = unknown
/usr/bin/oslevel       = unknown
/bin/universe          = unknown

PATH: /usr/local/sbin
PATH: /usr/local/bin
PATH: /usr/sbin
PATH: /usr/bin
PATH: /sbin
PATH: /bin
PATH: /usr/games
PATH: /usr/local/android-sdk-sdk-linux_86/


## ----------- ##
## Core tests. ##
## ----------- ##

configure:2200: checking for a BSD-compatible install
configure:2268: result: /usr/bin/install -c
configure:2279: checking whether build environment is sane
configure:2329: result: yes
configure:2470: checking for a thread-safe mkdir -p
configure:2509: result: /bin/mkdir -p
configure:2522: checking for gawk
configure:2538: found /usr/bin/gawk
configure:2549: result: gawk
configure:2560: checking whether make sets $(MAKE)
configure:2582: result: yes
configure:2715: checking for gcc
configure:2731: found /usr/bin/gcc
configure:2742: result: gcc
configure:2971: checking for C compiler version
configure:2980: gcc --version >&5
gcc (Ubuntu 4.4.3-4ubuntu5) 4.4.3
Copyright (C) 2009 Free Software Foundation, Inc.
This is free software; see the source for copying conditions.  There is NO
warranty; not even for MERCHANTABILITY or FITNESS FOR A PARTICULAR PURPOSE.

configure:2991: $? = 0
configure:2980: gcc -v >&5
Using built-in specs.
Target: i486-linux-gnu
Configured with: ../src/configure -v --with-pkgversion='Ubuntu 4.4.3-4ubuntu5' --with-bugurl=file:///usr/share/doc/gcc-4.4/README.Bugs --enable-languages=c,c++,fortran,objc,obj-c++ --prefix=/usr --enable-shared --enable-multiarch --enable-linker-build-id --with-system-zlib --libexecdir=/usr/lib --without-included-gettext --enable-threads=posix --with-gxx-include-dir=/usr/include/c++/4.4 --program-suffix=-4.4 --enable-nls --enable-clocale=gnu --enable-libstdcxx-debug --enable-plugin --enable-objc-gc --enable-targets=all --disable-werror --with-arch-32=i486 --with-tune=generic --enable-checking=release --build=i486-linux-gnu --host=i486-linux-gnu --target=i486-linux-gnu
Thread model: posix
gcc version 4.4.3 (Ubuntu 4.4.3-4ubuntu5) 
configure:2991: $? = 0
configure:2980: gcc -V >&5
gcc: '-V' option must have argument
configure:2991: $? = 1
configure:2980: gcc -qversion >&5
gcc: unrecognized option '-qversion'
gcc: no input files
configure:2991: $? = 1
configure:3011: checking whether the C compiler works
configure:3033: gcc    conftest.c  >&5
configure:3037: $? = 0
configure:3086: result: yes
configure:3089: checking for C compiler default output file name
configure:3091: result: a.out
configure:3097: checking for suffix of executables
configure:3104: gcc -o conftest    conftest.c  >&5
configure:3108: $? = 0
configure:3130: result: 
configure:3152: checking whether we are cross compiling
configure:3160: gcc -o conftest    conftest.c  >&5
configure:3164: $? = 0
configure:3171: ./conftest
configure:3175: $? = 0
configure:3190: result: no
configure:3195: checking for suffix of object files
configure:3217: gcc -c   conftest.c >&5
configure:3221: $? = 0
configure:3242: result: o
configure:3246: checking whether we are using the GNU C compiler
configure:3265: gcc -c   conftest.c >&5
configure:3265: $? = 0
configure:3274: result: yes
configure:3283: checking whether gcc accepts -g
configure:3303: gcc -c -g  conftest.c >&5
configure:3303: $? = 0
configure:3344: result: yes
configure:3361: checking for gcc option to accept ISO C89
configure:3425: gcc  -c -g -O2  conftest.c >&5
configure:3425: $? = 0
configure:3438: result: none needed
configure:3469: checking for style of include used by make
configure:3497: result: GNU
configure:3522: checking dependency style of gcc
configure:3632: result: gcc3
configure:3657: checking how to run the C preprocessor
configure:3688: gcc -E  conftest.c
configure:3688: $? = 0
configure:3702: gcc -E  conftest.c
conftest.c:11:28: error: ac_nonexistent.h: No such file or directory
configure:3702: $? = 1
configure: failed program was:
| /* confdefs.h */
| #define PACKAGE_NAME "fileMonitor"
| #define PACKAGE_TARNAME "filemonitor"
| #define PACKAGE_VERSION "1.0"
| #define PACKAGE_STRING "fileMonitor 1.0"
| #define PACKAGE_BUGREPORT "2008rengaojun@sina.com"
| #define PACKAGE_URL ""
| #define PACKAGE "fileMonitor"
| #define VERSION "1.0"
| /* end confdefs.h.  */
| #include <ac_nonexistent.h>
configure:3727: result: gcc -E
configure:3747: gcc -E  conftest.c
configure:3747: $? = 0
configure:3761: gcc -E  conftest.c
conftest.c:11:28: error: ac_nonexistent.h: No such file or directory
configure:3761: $? = 1
configure: failed program was:
| /* confdefs.h */
| #define PACKAGE_NAME "fileMonitor"
| #define PACKAGE_TARNAME "filemonitor"
| #define PACKAGE_VERSION "1.0"
| #define PACKAGE_STRING "fileMonitor 1.0"
| #define PACKAGE_BUGREPORT "2008rengaojun@sina.com"
| #define PACKAGE_URL ""
| #define PACKAGE "fileMonitor"
| #define VERSION "1.0"
| /* end confdefs.h.  */
| #include <ac_nonexistent.h>
configure:3790: checking for grep that handles long lines and -e
configure:3848: result: /bin/grep
configure:3853: checking for egrep
configure:3915: result: /bin/grep -E
configure:3920: checking for ANSI C header files
configure:3940: gcc -c -g -O2  conftest.c >&5
configure:3940: $? = 0
configure:4013: gcc -o conftest -g -O2   conftest.c  >&5
configure:4013: $? = 0
configure:4013: ./conftest
configure:4013: $? = 0
configure:4024: result: yes
configure:4037: checking for sys/types.h
configure:4037: gcc -c -g -O2  conftest.c >&5
configure:4037: $? = 0
configure:4037: result: yes
configure:4037: checking for sys/stat.h
configure:4037: gcc -c -g -O2  conftest.c >&5
configure:4037: $? = 0
configure:4037: result: yes
configure:4037: checking for stdlib.h
configure:4037: gcc -c -g -O2  conftest.c >&5
configure:4037: $? = 0
configure:4037: result: yes
configure:4037: checking for string.h
configure:4037: gcc -c -g -O2  conftest.c >&5
configure:4037: $? = 0
configure:4037: result: yes
configure:4037: checking for memory.h
configure:4037: gcc -c -g -O2  conftest.c >&5
configure:4037: $? = 0
configure:4037: result: yes
configure:4037: checking for strings.h
configure:4037: gcc -c -g -O2  conftest.c >&5
configure:4037: $? = 0
configure:4037: result: yes
configure:4037: checking for inttypes.h
configure:4037: gcc -c -g -O2  conftest.c >&5
configure:4037: $? = 0
configure:4037: result: yes
configure:4037: checking for stdint.h
configure:4037: gcc -c -g -O2  conftest.c >&5
configure:4037: $? = 0
configure:4037: result: yes
configure:4037: checking for unistd.h
configure:4037: gcc -c -g -O2  conftest.c >&5
configure:4037: $? = 0
configure:4037: result: yes
configure:4053: checking fcntl.h usability
configure:4053: gcc -c -g -O2  conftest.c >&5
configure:4053: $? = 0
configure:4053: result: yes
configure:4053: checking fcntl.h presence
configure:4053: gcc -E  conftest.c
configure:4053: $? = 0
configure:4053: result: yes
configure:4053: checking for fcntl.h
configure:4053: result: yes
configure:4053: checking for stdlib.h
configure:4053: result: yes
configure:4053: checking for string.h
configure:4053: result: yes
configure:4053: checking syslog.h usability
configure:4053: gcc -c -g -O2  conftest.c >&5
configure:4053: $? = 0
configure:4053: result: yes
configure:4053: checking syslog.h presence
configure:4053: gcc -E  conftest.c
configure:4053: $? = 0
configure:4053: result: yes
configure:4053: checking for syslog.h
configure:4053: result: yes
configure:4066: checking for pid_t
configure:4066: gcc -c -g -O2  conftest.c >&5
configure:4066: $? = 0
configure:4066: gcc -c -g -O2  conftest.c >&5
conftest.c: In function 'main':
conftest.c:61: error: expected expression before ')' token
configure:4066: $? = 1
configure: failed program was:
| /* confdefs.h */
| #define PACKAGE_NAME "fileMonitor"
| #define PACKAGE_TARNAME "filemonitor"
| #define PACKAGE_VERSION "1.0"
| #define PACKAGE_STRING "fileMonitor 1.0"
| #define PACKAGE_BUGREPORT "2008rengaojun@sina.com"
| #define PACKAGE_URL ""
| #define PACKAGE "fileMonitor"
| #define VERSION "1.0"
| #define STDC_HEADERS 1
| #define HAVE_SYS_TYPES_H 1
| #define HAVE_SYS_STAT_H 1
| #define HAVE_STDLIB_H 1
| #define HAVE_STRING_H 1
| #define HAVE_MEMORY_H 1
| #define HAVE_STRINGS_H 1
| #define HAVE_INTTYPES_H 1
| #define HAVE_STDINT_H 1
| #define HAVE_UNISTD_H 1
| #define HAVE_FCNTL_H 1
| #define HAVE_STDLIB_H 1
| #define HAVE_STRING_H 1
| #define HAVE_SYSLOG_H 1
| /* end confdefs.h.  */
| #include <stdio.h>
| #ifdef HAVE_SYS_TYPES_H
| # include <sys/types.h>
| #endif
| #ifdef HAVE_SYS_STAT_H
| # include <sys/stat.h>
| #endif
| #ifdef STDC_HEADERS
| # include <stdlib.h>
| # include <stddef.h>
| #else
| # ifdef HAVE_STDLIB_H
| #  include <stdlib.h>
| # endif
| #endif
| #ifdef HAVE_STRING_H
| # if !defined STDC_HEADERS && defined HAVE_MEMORY_H
| #  include <memory.h>
| # endif
| # include <string.h>
| #endif
| #ifdef HAVE_STRINGS_H
| # include <strings.h>
| #endif
| #ifdef HAVE_INTTYPES_H
| # include <inttypes.h>
| #endif
| #ifdef HAVE_STDINT_H
| # include <stdint.h>
| #endif
| #ifdef HAVE_UNISTD_H
| # include <unistd.h>
| #endif
| int
| main ()
| {
| if (sizeof ((pid_t)))
| 	    return 0;
|   ;
|   return 0;
| }
configure:4066: result: yes
configure:4081: checking vfork.h usability
configure:4081: gcc -c -g -O2  conftest.c >&5
conftest.c:58:19: error: vfork.h: No such file or directory
configure:4081: $? = 1
configure: failed program was:
| /* confdefs.h */
| #define PACKAGE_NAME "fileMonitor"
| #define PACKAGE_TARNAME "filemonitor"
| #define PACKAGE_VERSION "1.0"
| #define PACKAGE_STRING "fileMonitor 1.0"
| #define PACKAGE_BUGREPORT "2008rengaojun@sina.com"
| #define PACKAGE_URL ""
| #define PACKAGE "fileMonitor"
| #define VERSION "1.0"
| #define STDC_HEADERS 1
| #define HAVE_SYS_TYPES_H 1
| #define HAVE_SYS_STAT_H 1
| #define HAVE_STDLIB_H 1
| #define HAVE_STRING_H 1
| #define HAVE_MEMORY_H 1
| #define HAVE_STRINGS_H 1
| #define HAVE_INTTYPES_H 1
| #define HAVE_STDINT_H 1
| #define HAVE_UNISTD_H 1
| #define HAVE_FCNTL_H 1
| #define HAVE_STDLIB_H 1
| #define HAVE_STRING_H 1
| #define HAVE_SYSLOG_H 1
| /* end confdefs.h.  */
| #include <stdio.h>
| #ifdef HAVE_SYS_TYPES_H
| # include <sys/types.h>
| #endif
| #ifdef HAVE_SYS_STAT_H
| # include <sys/stat.h>
| #endif
| #ifdef STDC_HEADERS
| # include <stdlib.h>
| # include <stddef.h>
| #else
| # ifdef HAVE_STDLIB_H
| #  include <stdlib.h>
| # endif
| #endif
| #ifdef HAVE_STRING_H
| # if !defined STDC_HEADERS && defined HAVE_MEMORY_H
| #  include <memory.h>
| # endif
| # include <string.h>
| #endif
| #ifdef HAVE_STRINGS_H
| # include <strings.h>
| #endif
| #ifdef HAVE_INTTYPES_H
| # include <inttypes.h>
| #endif
| #ifdef HAVE_STDINT_H
| # include <stdint.h>
| #endif
| #ifdef HAVE_UNISTD_H
| # include <unistd.h>
| #endif
| #include <vfork.h>
configure:4081: result: no
configure:4081: checking vfork.h presence
configure:4081: gcc -E  conftest.c
conftest.c:25:19: error: vfork.h: No such file or directory
configure:4081: $? = 1
configure: failed program was:
| /* confdefs.h */
| #define PACKAGE_NAME "fileMonitor"
| #define PACKAGE_TARNAME "filemonitor"
| #define PACKAGE_VERSION "1.0"
| #define PACKAGE_STRING "fileMonitor 1.0"
| #define PACKAGE_BUGREPORT "2008rengaojun@sina.com"
| #define PACKAGE_URL ""
| #define PACKAGE "fileMonitor"
| #define VERSION "1.0"
| #define STDC_HEADERS 1
| #define HAVE_SYS_TYPES_H 1
| #define HAVE_SYS_STAT_H 1
| #define HAVE_STDLIB_H 1
| #define HAVE_STRING_H 1
| #define HAVE_MEMORY_H 1
| #define HAVE_STRINGS_H 1
| #define HAVE_INTTYPES_H 1
| #define HAVE_STDINT_H 1
| #define HAVE_UNISTD_H 1
| #define HAVE_FCNTL_H 1
| #define HAVE_STDLIB_H 1
| #define HAVE_STRING_H 1
| #define HAVE_SYSLOG_H 1
| /* end confdefs.h.  */
| #include <vfork.h>
configure:4081: result: no
configure:4081: checking for vfork.h
configure:4081: result: no
configure:4094: checking for fork
configure:4094: gcc -o conftest -g -O2   conftest.c  >&5
conftest.c:48: warning: conflicting types for built-in function 'fork'
configure:4094: $? = 0
configure:4094: result: yes
configure:4094: checking for vfork
configure:4094: gcc -o conftest -g -O2   conftest.c  >&5
configure:4094: $? = 0
configure:4094: result: yes
configure:4105: checking for working fork
configure:4127: gcc -o conftest -g -O2   conftest.c  >&5
configure:4127: $? = 0
configure:4127: ./conftest
configure:4127: $? = 0
configure:4137: result: yes
configure:4158: checking for working vfork
configure:4268: result: yes
configure:4295: checking for stdlib.h
configure:4295: result: yes
configure:4305: checking for GNU libc compatible malloc
configure:4329: gcc -o conftest -g -O2   conftest.c  >&5
configure:4329: $? = 0
configure:4329: ./conftest
configure:4329: $? = 0
configure:4339: result: yes
configure:4363: checking for ftruncate
configure:4363: gcc -o conftest -g -O2   conftest.c  >&5
configure:4363: $? = 0
configure:4363: result: yes
configure:4363: checking for memset
configure:4363: gcc -o conftest -g -O2   conftest.c  >&5
conftest.c:55: warning: conflicting types for built-in function 'memset'
configure:4363: $? = 0
configure:4363: result: yes
configure:4363: checking for strerror
configure:4363: gcc -o conftest -g -O2   conftest.c  >&5
configure:4363: $? = 0
configure:4363: result: yes
configure:4494: creating ./config.status

## ---------------------- ##
## Running config.status. ##
## ---------------------- ##

This file was extended by fileMonitor config.status 1.0, which was
generated by GNU Autoconf 2.65.  Invocation command line was

  CONFIG_FILES    = 
  CONFIG_HEADERS  = 
  CONFIG_LINKS    = 
  CONFIG_COMMANDS = 
  $ ./config.status 

on grgj-laptop

config.status:863: creating Makefile
config.status:863: creating config.h
config.status:1083: executing depfiles commands

## ---------------- ##
## Cache variables. ##
## ---------------- ##

ac_cv_c_compiler_gnu=yes
ac_cv_env_CC_set=
ac_cv_env_CC_value=
ac_cv_env_CFLAGS_set=
ac_cv_env_CFLAGS_value=
ac_cv_env_CPPFLAGS_set=
ac_cv_env_CPPFLAGS_value=
ac_cv_env_CPP_set=
ac_cv_env_CPP_value=
ac_cv_env_LDFLAGS_set=
ac_cv_env_LDFLAGS_value=
ac_cv_env_LIBS_set=
ac_cv_env_LIBS_value=
ac_cv_env_build_alias_set=
ac_cv_env_build_alias_value=
ac_cv_env_host_alias_set=
ac_cv_env_host_alias_value=
ac_cv_env_target_alias_set=
ac_cv_env_target_alias_value=
ac_cv_func_fork=yes
ac_cv_func_fork_works=yes
ac_cv_func_ftruncate=yes
ac_cv_func_malloc_0_nonnull=yes
ac_cv_func_memset=yes
ac_cv_func_strerror=yes
ac_cv_func_vfork=yes
ac_cv_func_vfork_works=yes
ac_cv_header_fcntl_h=yes
ac_cv_header_inttypes_h=yes
ac_cv_header_memory_h=yes
ac_cv_header_stdc=yes
ac_cv_header_stdint_h=yes
ac_cv_header_stdlib_h=yes
ac_cv_header_string_h=yes
ac_cv_header_strings_h=yes
ac_cv_header_sys_stat_h=yes
ac_cv_header_sys_types_h=yes
ac_cv_header_syslog_h=yes
ac_cv_header_unistd_h=yes
ac_cv_header_vfork_h=no
ac_cv_objext=o
ac_cv_path_EGREP='/bin/grep -E'
ac_cv_path_GREP=/bin/grep
ac_cv_path_install='/usr/bin/install -c'
ac_cv_path_mkdir=/bin/mkdir
ac_cv_prog_AWK=gawk
ac_cv_prog_CPP='gcc -E'
ac_cv_prog_ac_ct_CC=gcc
ac_cv_prog_cc_c89=
ac_cv_prog_cc_g=yes
ac_cv_prog_make_make_set=yes
ac_cv_type_pid_t=yes
am_cv_CC_dependencies_compiler_type=gcc3

## ----------------- ##
## Output variables. ##
## ----------------- ##

ACLOCAL='${SHELL} /home/grgj/Desktop/folder/monitorFolder/fileMonitor/missing --run aclocal-1.11'
AMDEPBACKSLASH='\'
AMDEP_FALSE='#'
AMDEP_TRUE=''
AMTAR='${SHELL} /home/grgj/Desktop/folder/monitorFolder/fileMonitor/missing --run tar'
AUTOCONF='${SHELL} /home/grgj/Desktop/folder/monitorFolder/fileMonitor/missing --run autoconf'
AUTOHEADER='${SHELL} /home/grgj/Desktop/folder/monitorFolder/fileMonitor/missing --run autoheader'
AUTOMAKE='${SHELL} /home/grgj/Desktop/folder/monitorFolder/fileMonitor/missing --run automake-1.11'
AWK='gawk'
CC='gcc'
CCDEPMODE='depmode=gcc3'
CFLAGS='-g -O2'
CPP='gcc -E'
CPPFLAGS=''
CYGPATH_W='echo'
DEFS='-DHAVE_CONFIG_H'
DEPDIR='.deps'
ECHO_C=''
ECHO_N='-n'
ECHO_T=''
EGREP='/bin/grep -E'
EXEEXT=''
GREP='/bin/grep'
INSTALL_DATA='${INSTALL} -m 644'
INSTALL_PROGRAM='${INSTALL}'
INSTALL_SCRIPT='${INSTALL}'
INSTALL_STRIP_PROGRAM='$(install_sh) -c -s'
LDFLAGS=''
LIBOBJS=''
LIBS=''
LTLIBOBJS=''
MAKEINFO='${SHELL} /home/grgj/Desktop/folder/monitorFolder/fileMonitor/missing --run makeinfo'
MKDIR_P='/bin/mkdir -p'
OBJEXT='o'
PACKAGE='fileMonitor'
PACKAGE_BUGREPORT='2008rengaojun@sina.com'
PACKAGE_NAME='fileMonitor'
PACKAGE_STRING='fileMonitor 1.0'
PACKAGE_TARNAME='filemonitor'
PACKAGE_URL=''
PACKAGE_VERSION='1.0'
PATH_SEPARATOR=':'
SET_MAKE=''
SHELL='/bin/bash'
STRIP=''
VERSION='1.0'
ac_ct_CC='gcc'
am__EXEEXT_FALSE=''
am__EXEEXT_TRUE='#'
am__fastdepCC_FALSE='#'
am__fastdepCC_TRUE=''
am__include='include'
am__isrc=''
am__leading_dot='.'
am__quote=''
am__tar='${AMTAR} chof - "$$tardir"'
am__untar='${AMTAR} xf -'
bindir='${exec_prefix}/bin'
build_alias=''
datadir='${datarootdir}'
datarootdir='${prefix}/share'
docdir='${datarootdir}/doc/${PACKAGE_TARNAME}'
dvidir='${docdir}'
exec_prefix='${prefix}'
host_alias=''
htmldir='${docdir}'
includedir='${prefix}/include'
infodir='${datarootdir}/info'
install_sh='${SHELL} /home/grgj/Desktop/folder/monitorFolder/fileMonitor/install-sh'
libdir='${exec_prefix}/lib'
libexecdir='${exec_prefix}/libexec'
localedir='${datarootdir}/locale'
localstatedir='${prefix}/var'
mandir='${datarootdir}/man'
mkdir_p='/bin/mkdir -p'
oldincludedir='/usr/include'
pdfdir='${docdir}'
prefix='/usr/local'
program_transform_name='s,x,x,'
psdir='${docdir}'
sbindir='${exec_prefix}/sbin'
sharedstatedir='${prefix}/com'
sysconfdir='${prefix}/etc'
target_alias=''

## ----------- ##
## confdefs.h. ##
## ----------- ##

/* confdefs.h */
#define PACKAGE_NAME "fileMonitor"
#define PACKAGE_TARNAME "filemonitor"
#define PACKAGE_VERSION "1.0"
#define PACKAGE_STRING "fileMonitor 1.0"
#define PACKAGE_BUGREPORT "2008rengaojun@sina.com"
#define PACKAGE_URL ""
#define PACKAGE "fileMonitor"
#define VERSION "1.0"
#define STDC_HEADERS 1
#define HAVE_SYS_TYPES_H 1
#define HAVE_SYS_STAT_H 1
#define HAVE_STDLIB_H 1
#define HAVE_STRING_H 1
#define HAVE_MEMORY_H 1
#define HAVE_STRINGS_H 1
#define HAVE_INTTYPES_H 1
#define HAVE_STDINT_H 1
#define HAVE_UNISTD_H 1
#define HAVE_FCNTL_H 1
#define HAVE_STDLIB_H 1
#define HAVE_STRING_H 1
#define HAVE_SYSLOG_H 1
#define HAVE_FORK 1
#define HAVE_VFORK 1
#define HAVE_WORKING_VFORK 1
#define HAVE_WORKING_FORK 1
#define HAVE_STDLIB_H 1
#define HAVE_MALLOC 1
#define HAVE_FTRUNCATE 1
#define HAVE_MEMSET 1
#define HAVE_STRERROR 1

configure: exit 0
